<?xml version="1.0" encoding="UTF-8"?>
<coverage generated="1585995091593" clover="4.4.1">
   <project timestamp="1585995091476">
      <metrics coveredelements="22" complexity="76" loc="711" methods="57" classes="11" statements="115" packages="1" coveredconditionals="1" coveredmethods="7" elements="204" ncloc="344" files="11" conditionals="32" coveredstatements="14"/>
      <package name="GPL">
         <metrics coveredelements="22" complexity="76" loc="711" methods="57" classes="11" statements="115" coveredconditionals="1" coveredmethods="7" elements="204" ncloc="344" files="11" conditionals="32" coveredstatements="14"/>
         <file path="/home/hieuvd/spl_dataset_generation/InputPreparation/projects/GPL-Test/mutated_projects/BFS.GPL.Graph.COD_1/variants/model_m_ca2_0020/src/GPL/EdgeIfc.java" name="EdgeIfc.java">
            <metrics coveredelements="0" coveredconditionals="0" complexity="0" loc="36" coveredmethods="0" methods="0" elements="0" classes="1" ncloc="9" statements="0" conditionals="0" coveredstatements="0"/>
            <class name="EdgeIfc">
               <metrics coveredelements="0" coveredconditionals="0" complexity="0" coveredmethods="0" methods="0" elements="0" statements="0" conditionals="0" coveredstatements="0"/>
            </class>
         </file>
         <file path="/home/hieuvd/spl_dataset_generation/InputPreparation/projects/GPL-Test/mutated_projects/BFS.GPL.Graph.COD_1/variants/model_m_ca2_0020/src/GPL/NeighborIfc.java" name="NeighborIfc.java">
            <metrics coveredelements="0" coveredconditionals="0" complexity="0" loc="11" coveredmethods="0" methods="0" elements="0" classes="1" ncloc="4" statements="0" conditionals="0" coveredstatements="0"/>
            <class name="NeighborIfc">
               <metrics coveredelements="0" coveredconditionals="0" complexity="0" coveredmethods="0" methods="0" elements="0" statements="0" conditionals="0" coveredstatements="0"/>
            </class>
         </file>
         <file path="/home/hieuvd/spl_dataset_generation/InputPreparation/projects/GPL-Test/mutated_projects/BFS.GPL.Graph.COD_1/variants/model_m_ca2_0020/src/GPL/Graph.java" name="Graph.java">
            <metrics coveredelements="11" coveredconditionals="1" complexity="25" loc="222" coveredmethods="3" methods="14" elements="74" classes="1" ncloc="111" statements="44" conditionals="16" coveredstatements="7"/>
            <class name="Graph">
               <metrics coveredelements="11" coveredconditionals="1" complexity="25" coveredmethods="3" methods="14" elements="74" statements="44" conditionals="16" coveredstatements="7"/>
            </class>
            <line complexity="1" visibility="public" signature="Graph()" num="31" count="1" type="method"/>
            <line num="33" count="1" type="stmt"/>
            <line num="36" count="1" type="stmt"/>
            <line complexity="1" visibility="private" signature="run__wrappee__UndirectedWithNeighbors(Vertex) : void" num="44" count="0" type="method"/>
            <line complexity="1" visibility="public" signature="run(Vertex) : void" num="51" count="0" type="method"/>
            <line num="53" count="0" type="stmt"/>
            <line num="54" count="0" type="stmt"/>
            <line num="55" count="0" type="stmt"/>
            <line complexity="1" visibility="public" signature="addEdge(Vertex,Neighbor) : void" num="62" count="0" type="method"/>
            <line num="64" count="0" type="stmt"/>
            <line num="65" count="0" type="stmt"/>
            <line num="66" count="0" type="stmt"/>
            <line complexity="1" visibility="public" signature="addVertex(Vertex) : void" num="73" count="1" type="method"/>
            <line num="75" count="1" type="stmt"/>
            <line num="78" count="1" type="stmt"/>
            <line complexity="2" visibility="public" signature="findsVertex(String) : Vertex" num="85" count="1" type="method"/>
            <line num="87" count="1" type="stmt"/>
            <line num="90" count="1" type="stmt"/>
            <line falsecount="1" truecount="0" num="90" type="cond"/>
            <line num="91" count="0" type="stmt"/>
            <line num="105" count="1" type="stmt"/>
            <line complexity="1" visibility="public" signature="getVertices() : VertexIter" num="112" count="0" type="method"/>
            <line num="114" count="0" type="stmt"/>
            <line complexity="1" visibility="public" signature="next() : Vertex" num="117" count="0" type="method"/>
            <line num="119" count="0" type="stmt"/>
            <line complexity="1" visibility="public" signature="hasNext() : boolean" num="121" count="0" type="method"/>
            <line num="123" count="0" type="stmt"/>
            <line complexity="6" visibility="public" signature="findsEdge(Vertex,Vertex) : EdgeIfc" num="132" count="0" type="method"/>
            <line num="150" count="0" type="stmt"/>
            <line num="151" count="0" type="stmt"/>
            <line falsecount="0" truecount="0" num="151" type="cond"/>
            <line num="153" count="0" type="stmt"/>
            <line num="154" count="0" type="stmt"/>
            <line num="155" count="0" type="stmt"/>
            <line falsecount="0" truecount="0" num="155" type="cond"/>
            <line num="159" count="0" type="stmt"/>
            <line num="161" count="0" type="stmt"/>
            <line complexity="2" visibility="public" signature="display() : void" num="168" count="0" type="method"/>
            <line num="170" count="0" type="stmt"/>
            <line num="171" count="0" type="stmt"/>
            <line num="172" count="0" type="stmt"/>
            <line falsecount="0" truecount="0" num="172" type="cond"/>
            <line num="174" count="0" type="stmt"/>
            <line num="177" count="0" type="stmt"/>
            <line complexity="1" visibility="public" signature="addEdge(Vertex,Vertex) : EdgeIfc" num="184" count="0" type="method"/>
            <line num="186" count="0" type="stmt"/>
            <line num="187" count="0" type="stmt"/>
            <line num="188" count="0" type="stmt"/>
            <line complexity="1" visibility="public" signature="ConnectedComponents() : void" num="194" count="0" type="method"/>
            <line num="196" count="0" type="stmt"/>
            <line complexity="5" visibility="public" signature="GraphSearch(WorkSpace) : void" num="202" count="0" type="method"/>
            <line num="204" count="0" type="stmt"/>
            <line num="205" count="0" type="stmt"/>
            <line falsecount="0" truecount="0" num="205" type="cond"/>
            <line num="206" count="0" type="stmt"/>
            <line num="208" count="0" type="stmt"/>
            <line falsecount="0" truecount="0" num="208" type="cond"/>
            <line num="209" count="0" type="stmt"/>
            <line num="210" count="0" type="stmt"/>
            <line num="212" count="0" type="stmt"/>
            <line falsecount="0" truecount="0" num="212" type="cond"/>
            <line num="213" count="0" type="stmt"/>
            <line num="214" count="0" type="stmt"/>
            <line falsecount="0" truecount="0" num="214" type="cond"/>
            <line num="215" count="0" type="stmt"/>
            <line num="216" count="0" type="stmt"/>
         </file>
         <file path="/home/hieuvd/spl_dataset_generation/InputPreparation/projects/GPL-Test/mutated_projects/BFS.GPL.Graph.COD_1/variants/model_m_ca2_0020/src/GPL/Main.java" name="Main.java">
            <metrics coveredelements="0" coveredconditionals="0" complexity="3" loc="28" coveredmethods="0" methods="1" elements="16" classes="1" ncloc="18" statements="11" conditionals="4" coveredstatements="0"/>
            <class name="Main">
               <metrics coveredelements="0" coveredconditionals="0" complexity="3" coveredmethods="0" methods="1" elements="16" statements="11" conditionals="4" coveredstatements="0"/>
            </class>
            <line complexity="3" visibility="public" signature="main(String[]) : void" num="8" count="0" type="method"/>
            <line num="10" count="0" type="stmt"/>
            <line num="12" count="0" type="stmt"/>
            <line num="13" count="0" type="stmt"/>
            <line falsecount="0" truecount="0" num="13" type="cond"/>
            <line num="14" count="0" type="stmt"/>
            <line num="15" count="0" type="stmt"/>
            <line num="16" count="0" type="stmt"/>
            <line num="17" count="0" type="stmt"/>
            <line falsecount="0" truecount="0" num="17" type="cond"/>
            <line num="18" count="0" type="stmt"/>
            <line num="20" count="0" type="stmt"/>
            <line num="22" count="0" type="stmt"/>
            <line num="23" count="0" type="stmt"/>
         </file>
         <file path="/home/hieuvd/spl_dataset_generation/InputPreparation/projects/GPL-Test/mutated_projects/BFS.GPL.Graph.COD_1/variants/model_m_ca2_0020/src/GPL/EdgeIter.java" name="EdgeIter.java">
            <metrics coveredelements="0" coveredconditionals="0" complexity="2" loc="13" coveredmethods="0" methods="2" elements="4" classes="1" ncloc="5" statements="2" conditionals="0" coveredstatements="0"/>
            <class name="EdgeIter">
               <metrics coveredelements="0" coveredconditionals="0" complexity="2" coveredmethods="0" methods="2" elements="4" statements="2" conditionals="0" coveredstatements="0"/>
            </class>
            <line complexity="1" visibility="public" signature="hasNext() : boolean" num="6" count="0" type="method"/>
            <line num="6" count="0" type="stmt"/>
            <line complexity="1" visibility="public" signature="next() : EdgeIfc" num="10" count="0" type="method"/>
            <line num="10" count="0" type="stmt"/>
         </file>
         <file path="/home/hieuvd/spl_dataset_generation/InputPreparation/projects/GPL-Test/mutated_projects/BFS.GPL.Graph.COD_1/variants/model_m_ca2_0020/src/GPL/GlobalVarsWrapper.java" name="GlobalVarsWrapper.java">
            <metrics coveredelements="0" coveredconditionals="0" complexity="0" loc="12" coveredmethods="0" methods="0" elements="0" classes="1" ncloc="5" statements="0" conditionals="0" coveredstatements="0"/>
            <class name="GlobalVarsWrapper">
               <metrics coveredelements="0" coveredconditionals="0" complexity="0" coveredmethods="0" methods="0" elements="0" statements="0" conditionals="0" coveredstatements="0"/>
            </class>
         </file>
         <file path="/home/hieuvd/spl_dataset_generation/InputPreparation/projects/GPL-Test/mutated_projects/BFS.GPL.Graph.COD_1/variants/model_m_ca2_0020/src/GPL/Neighbor.java" name="Neighbor.java">
            <metrics coveredelements="0" coveredconditionals="0" complexity="10" loc="79" coveredmethods="0" methods="10" elements="18" classes="1" ncloc="30" statements="8" conditionals="0" coveredstatements="0"/>
            <class name="Neighbor">
               <metrics coveredelements="0" coveredconditionals="0" complexity="10" coveredmethods="0" methods="10" elements="18" statements="8" conditionals="0" coveredstatements="0"/>
            </class>
            <line complexity="1" visibility="public" signature="Neighbor()" num="18" count="0" type="method"/>
            <line num="19" count="0" type="stmt"/>
            <line complexity="1" visibility="public" signature="Neighbor(Vertex)" num="25" count="0" type="method"/>
            <line num="27" count="0" type="stmt"/>
            <line complexity="1" visibility="public" signature="setWeight(int) : void" num="33" count="0" type="method"/>
            <line complexity="1" visibility="public" signature="getWeight() : int" num="37" count="0" type="method"/>
            <line num="37" count="0" type="stmt"/>
            <line complexity="1" visibility="public" signature="NeighborConstructor(Vertex) : void" num="42" count="0" type="method"/>
            <line num="43" count="0" type="stmt"/>
            <line complexity="1" visibility="public" signature="display() : void" num="49" count="0" type="method"/>
            <line num="51" count="0" type="stmt"/>
            <line complexity="1" visibility="public" signature="getStart() : Vertex" num="57" count="0" type="method"/>
            <line num="57" count="0" type="stmt"/>
            <line complexity="1" visibility="public" signature="getEnd() : Vertex" num="61" count="0" type="method"/>
            <line num="61" count="0" type="stmt"/>
            <line complexity="1" visibility="public" signature="getOtherVertex(Vertex) : Vertex" num="66" count="0" type="method"/>
            <line num="68" count="0" type="stmt"/>
            <line complexity="1" visibility="public" signature="adjustAdorns(EdgeIfc) : void" num="74" count="0" type="method"/>
         </file>
         <file path="/home/hieuvd/spl_dataset_generation/InputPreparation/projects/GPL-Test/mutated_projects/BFS.GPL.Graph.COD_1/variants/model_m_ca2_0020/src/GPL/VertexIter.java" name="VertexIter.java">
            <metrics coveredelements="0" coveredconditionals="0" complexity="2" loc="13" coveredmethods="0" methods="2" elements="4" classes="1" ncloc="5" statements="2" conditionals="0" coveredstatements="0"/>
            <class name="VertexIter">
               <metrics coveredelements="0" coveredconditionals="0" complexity="2" coveredmethods="0" methods="2" elements="4" statements="2" conditionals="0" coveredstatements="0"/>
            </class>
            <line complexity="1" visibility="public" signature="hasNext() : boolean" num="6" count="0" type="method"/>
            <line num="6" count="0" type="stmt"/>
            <line complexity="1" visibility="public" signature="next() : Vertex" num="10" count="0" type="method"/>
            <line num="10" count="0" type="stmt"/>
         </file>
         <file path="/home/hieuvd/spl_dataset_generation/InputPreparation/projects/GPL-Test/mutated_projects/BFS.GPL.Graph.COD_1/variants/model_m_ca2_0020/src/GPL/RegionWorkSpace.java" name="RegionWorkSpace.java">
            <metrics coveredelements="0" coveredconditionals="0" complexity="4" loc="42" coveredmethods="0" methods="4" elements="8" classes="1" ncloc="20" statements="4" conditionals="0" coveredstatements="0"/>
            <class name="RegionWorkSpace">
               <metrics coveredelements="0" coveredconditionals="0" complexity="4" coveredmethods="0" methods="4" elements="8" statements="4" conditionals="0" coveredstatements="0"/>
            </class>
            <line complexity="1" visibility="public" signature="RegionWorkSpace()" num="12" count="0" type="method"/>
            <line num="14" count="0" type="stmt"/>
            <line complexity="1" visibility="public" signature="init_vertex(Vertex) : void" num="20" count="0" type="method"/>
            <line num="22" count="0" type="stmt"/>
            <line complexity="1" visibility="public" signature="postVisitAction(Vertex) : void" num="28" count="0" type="method"/>
            <line num="30" count="0" type="stmt"/>
            <line complexity="1" visibility="public" signature="nextRegionAction(Vertex) : void" num="36" count="0" type="method"/>
            <line num="38" count="0" type="stmt"/>
         </file>
         <file path="/home/hieuvd/spl_dataset_generation/InputPreparation/projects/GPL-Test/mutated_projects/BFS.GPL.Graph.COD_1/variants/model_m_ca2_0020/src/GPL/Vertex.java" name="Vertex.java">
            <metrics coveredelements="11" coveredconditionals="0" complexity="25" loc="225" coveredmethods="4" methods="19" elements="75" classes="1" ncloc="127" statements="44" conditionals="12" coveredstatements="7"/>
            <class name="Vertex">
               <metrics coveredelements="11" coveredconditionals="0" complexity="25" coveredmethods="4" methods="19" elements="75" statements="44" conditionals="12" coveredstatements="7"/>
            </class>
            <line complexity="1" visibility="public" signature="Vertex()" num="18" count="1" type="method"/>
            <line num="20" count="1" type="stmt"/>
            <line complexity="1" visibility="private" signature="VertexConstructor__wrappee__UndirectedWithNeighbors() : void" num="26" count="1" type="method"/>
            <line num="28" count="1" type="stmt"/>
            <line num="29" count="1" type="stmt"/>
            <line complexity="1" visibility="public" signature="VertexConstructor() : void" num="35" count="1" type="method"/>
            <line num="37" count="1" type="stmt"/>
            <line num="38" count="1" type="stmt"/>
            <line complexity="1" visibility="public" signature="assignName(String) : Vertex" num="44" count="1" type="method"/>
            <line num="46" count="1" type="stmt"/>
            <line num="47" count="1" type="stmt"/>
            <line complexity="1" visibility="public" signature="getName() : String" num="53" count="0" type="method"/>
            <line num="55" count="0" type="stmt"/>
            <line complexity="1" visibility="public" signature="getNeighborsObj() : LinkedList" num="61" count="0" type="method"/>
            <line num="63" count="0" type="stmt"/>
            <line complexity="1" visibility="public" signature="getNeighbors() : VertexIter" num="69" count="0" type="method"/>
            <line num="71" count="0" type="stmt"/>
            <line complexity="1" visibility="public" signature="next() : Vertex" num="74" count="0" type="method"/>
            <line num="76" count="0" type="stmt"/>
            <line complexity="1" visibility="public" signature="hasNext() : boolean" num="78" count="0" type="method"/>
            <line num="80" count="0" type="stmt"/>
            <line complexity="2" visibility="private" signature="display__wrappee__UndirectedWithNeighbors() : void" num="88" count="0" type="method"/>
            <line num="90" count="0" type="stmt"/>
            <line num="92" count="0" type="stmt"/>
            <line falsecount="0" truecount="0" num="92" type="cond"/>
            <line num="94" count="0" type="stmt"/>
            <line num="97" count="0" type="stmt"/>
            <line complexity="1" visibility="private" signature="display__wrappee__Connected() : void" num="103" count="0" type="method"/>
            <line num="105" count="0" type="stmt"/>
            <line num="106" count="0" type="stmt"/>
            <line complexity="2" visibility="public" signature="display() : void" num="112" count="0" type="method"/>
            <line num="114" count="0" type="stmt"/>
            <line falsecount="0" truecount="0" num="114" type="cond"/>
            <line num="115" count="0" type="stmt"/>
            <line num="117" count="0" type="stmt"/>
            <line num="118" count="0" type="stmt"/>
            <line complexity="1" visibility="public" signature="addEdge(Neighbor) : void" num="127" count="0" type="method"/>
            <line num="129" count="0" type="stmt"/>
            <line complexity="1" visibility="public" signature="adjustAdorns(Neighbor) : void" num="135" count="0" type="method"/>
            <line complexity="1" visibility="public" signature="getEdges() : EdgeIter" num="142" count="0" type="method"/>
            <line num="144" count="0" type="stmt"/>
            <line complexity="1" visibility="public" signature="next() : EdgeIfc" num="147" count="0" type="method"/>
            <line num="149" count="0" type="stmt"/>
            <line complexity="1" visibility="public" signature="hasNext() : boolean" num="153" count="0" type="method"/>
            <line num="155" count="0" type="stmt"/>
            <line complexity="1" visibility="public" signature="init_vertex(WorkSpace) : void" num="169" count="0" type="method"/>
            <line num="171" count="0" type="stmt"/>
            <line num="172" count="0" type="stmt"/>
            <line complexity="5" visibility="public" signature="nodeSearch(WorkSpace) : void" num="178" count="0" type="method"/>
            <line num="180" count="0" type="stmt"/>
            <line num="181" count="0" type="stmt"/>
            <line num="182" count="0" type="stmt"/>
            <line num="186" count="0" type="stmt"/>
            <line num="188" count="0" type="stmt"/>
            <line falsecount="0" truecount="0" num="188" type="cond"/>
            <line num="190" count="0" type="stmt"/>
            <line num="196" count="0" type="stmt"/>
            <line num="200" count="0" type="stmt"/>
            <line num="203" count="0" type="stmt"/>
            <line falsecount="0" truecount="0" num="203" type="cond"/>
            <line num="205" count="0" type="stmt"/>
            <line num="208" count="0" type="stmt"/>
            <line falsecount="0" truecount="0" num="208" type="cond"/>
            <line num="210" count="0" type="stmt"/>
            <line num="216" count="0" type="stmt"/>
            <line falsecount="0" truecount="0" num="216" type="cond"/>
            <line num="218" count="0" type="stmt"/>
            <line num="219" count="0" type="stmt"/>
            <line num="220" count="0" type="stmt"/>
         </file>
         <file path="/home/hieuvd/spl_dataset_generation/InputPreparation/projects/GPL-Test/mutated_projects/BFS.GPL.Graph.COD_1/variants/model_m_ca2_0020/src/GPL/WorkSpace.java" name="WorkSpace.java">
            <metrics coveredelements="0" coveredconditionals="0" complexity="5" loc="30" coveredmethods="0" methods="5" elements="5" classes="1" ncloc="10" statements="0" conditionals="0" coveredstatements="0"/>
            <class name="WorkSpace">
               <metrics coveredelements="0" coveredconditionals="0" complexity="5" coveredmethods="0" methods="5" elements="5" statements="0" conditionals="0" coveredstatements="0"/>
            </class>
            <line complexity="1" visibility="public" signature="init_vertex(Vertex) : void" num="10" count="0" type="method"/>
            <line complexity="1" visibility="public" signature="preVisitAction(Vertex) : void" num="14" count="0" type="method"/>
            <line complexity="1" visibility="public" signature="postVisitAction(Vertex) : void" num="18" count="0" type="method"/>
            <line complexity="1" visibility="public" signature="nextRegionAction(Vertex) : void" num="22" count="0" type="method"/>
            <line complexity="1" visibility="public" signature="checkNeighborAction(Vertex,Vertex) : void" num="26" count="0" type="method"/>
         </file>
      </package>
   </project>
   <testproject timestamp="1585995091476">
      <metrics coveredelements="0" complexity="0" loc="0" methods="0" classes="0" statements="0" packages="0" coveredconditionals="0" coveredmethods="0" elements="0" ncloc="0" files="0" conditionals="0" coveredstatements="0"/>
   </testproject>
</coverage>